c:\users\danie_000\desktop\compilers-q7\compilation_for_students_step_10_liveness_analysis\step_10_liveness_analysis\verifycodegeneration\bison\debug\vc120.pdb
c:\users\danie_000\desktop\compilers-q7\compilation_for_students_step_10_liveness_analysis\step_10_liveness_analysis\verifycodegeneration\bison\debug\vc120.idb
c:\users\danie_000\desktop\compilers-q7\compilation_for_students_step_10_liveness_analysis\step_10_liveness_analysis\verifycodegeneration\bison\debug\closure.obj
c:\users\danie_000\desktop\compilers-q7\compilation_for_students_step_10_liveness_analysis\step_10_liveness_analysis\verifycodegeneration\bison\debug\conflicts.obj
c:\users\danie_000\desktop\compilers-q7\compilation_for_students_step_10_liveness_analysis\step_10_liveness_analysis\verifycodegeneration\bison\debug\derives.obj
c:\users\danie_000\desktop\compilers-q7\compilation_for_students_step_10_liveness_analysis\step_10_liveness_analysis\verifycodegeneration\bison\debug\files.obj
c:\users\danie_000\desktop\compilers-q7\compilation_for_students_step_10_liveness_analysis\step_10_liveness_analysis\verifycodegeneration\bison\debug\getargs.obj
c:\users\danie_000\desktop\compilers-q7\compilation_for_students_step_10_liveness_analysis\step_10_liveness_analysis\verifycodegeneration\bison\debug\getopt.obj
c:\users\danie_000\desktop\compilers-q7\compilation_for_students_step_10_liveness_analysis\step_10_liveness_analysis\verifycodegeneration\bison\debug\getopt1.obj
c:\users\danie_000\desktop\compilers-q7\compilation_for_students_step_10_liveness_analysis\step_10_liveness_analysis\verifycodegeneration\bison\debug\gram.obj
c:\users\danie_000\desktop\compilers-q7\compilation_for_students_step_10_liveness_analysis\step_10_liveness_analysis\verifycodegeneration\bison\debug\lalr.obj
c:\users\danie_000\desktop\compilers-q7\compilation_for_students_step_10_liveness_analysis\step_10_liveness_analysis\verifycodegeneration\bison\debug\lex.obj
c:\users\danie_000\desktop\compilers-q7\compilation_for_students_step_10_liveness_analysis\step_10_liveness_analysis\verifycodegeneration\bison\debug\lr0.obj
c:\users\danie_000\desktop\compilers-q7\compilation_for_students_step_10_liveness_analysis\step_10_liveness_analysis\verifycodegeneration\bison\debug\main.obj
c:\users\danie_000\desktop\compilers-q7\compilation_for_students_step_10_liveness_analysis\step_10_liveness_analysis\verifycodegeneration\bison\debug\nullable.obj
c:\users\danie_000\desktop\compilers-q7\compilation_for_students_step_10_liveness_analysis\step_10_liveness_analysis\verifycodegeneration\bison\debug\output.obj
c:\users\danie_000\desktop\compilers-q7\compilation_for_students_step_10_liveness_analysis\step_10_liveness_analysis\verifycodegeneration\bison\debug\print.obj
c:\users\danie_000\desktop\compilers-q7\compilation_for_students_step_10_liveness_analysis\step_10_liveness_analysis\verifycodegeneration\bison\debug\reader.obj
c:\users\danie_000\desktop\compilers-q7\compilation_for_students_step_10_liveness_analysis\step_10_liveness_analysis\verifycodegeneration\bison\debug\reduce.obj
c:\users\danie_000\desktop\compilers-q7\compilation_for_students_step_10_liveness_analysis\step_10_liveness_analysis\verifycodegeneration\bison\debug\symtab.obj
c:\users\danie_000\desktop\compilers-q7\compilation_for_students_step_10_liveness_analysis\step_10_liveness_analysis\verifycodegeneration\bison\debug\version.obj
c:\users\danie_000\desktop\compilers-q7\compilation_for_students_step_10_liveness_analysis\step_10_liveness_analysis\verifycodegeneration\bison\debug\warshall.obj
c:\users\danie_000\desktop\compilers-q7\compilation_for_students_step_10_liveness_analysis\step_10_liveness_analysis\verifycodegeneration\bison\debug\alloca.obj
c:\users\danie_000\desktop\compilers-q7\compilation_for_students_step_10_liveness_analysis\step_10_liveness_analysis\verifycodegeneration\bison\debug\allocate.obj
c:\users\danie_000\desktop\compilers-q7\compilation_for_students_step_10_liveness_analysis\step_10_liveness_analysis\verifycodegeneration\bison\debug\bison.ilk
c:\users\danie_000\desktop\compilers-q7\compilation_for_students_step_10_liveness_analysis\step_10_liveness_analysis\verifycodegeneration\bison\debug\bison.exe
c:\users\danie_000\desktop\compilers-q7\compilation_for_students_step_10_liveness_analysis\step_10_liveness_analysis\verifycodegeneration\bison\debug\bison.pdb
c:\users\danie_000\desktop\compilers-q7\compilation_for_students_step_10_liveness_analysis\step_10_liveness_analysis\verifycodegeneration\bison\debug\bison.tlog\cl.command.1.tlog
c:\users\danie_000\desktop\compilers-q7\compilation_for_students_step_10_liveness_analysis\step_10_liveness_analysis\verifycodegeneration\bison\debug\bison.tlog\cl.read.1.tlog
c:\users\danie_000\desktop\compilers-q7\compilation_for_students_step_10_liveness_analysis\step_10_liveness_analysis\verifycodegeneration\bison\debug\bison.tlog\cl.write.1.tlog
c:\users\danie_000\desktop\compilers-q7\compilation_for_students_step_10_liveness_analysis\step_10_liveness_analysis\verifycodegeneration\bison\debug\bison.tlog\link.command.1.tlog
c:\users\danie_000\desktop\compilers-q7\compilation_for_students_step_10_liveness_analysis\step_10_liveness_analysis\verifycodegeneration\bison\debug\bison.tlog\link.read.1.tlog
c:\users\danie_000\desktop\compilers-q7\compilation_for_students_step_10_liveness_analysis\step_10_liveness_analysis\verifycodegeneration\bison\debug\bison.tlog\link.write.1.tlog
