c:\users\danie_000\desktop\compilers-q7\compilation_for_students_step_10_liveness_analysis\step_10_liveness_analysis\verifycodegeneration\verifycodegen\debug\vc120.pdb
c:\users\danie_000\desktop\compilers-q7\compilation_for_students_step_10_liveness_analysis\step_10_liveness_analysis\verifycodegeneration\verifycodegen\debug\vc120.idb
c:\users\danie_000\desktop\compilers-q7\compilation_for_students_step_10_liveness_analysis\step_10_liveness_analysis\verifycodegeneration\verifycodegen\debug\tiger.tab.obj
c:\users\danie_000\desktop\compilers-q7\compilation_for_students_step_10_liveness_analysis\step_10_liveness_analysis\verifycodegeneration\verifycodegen\debug\lex.yy.obj
c:\users\danie_000\desktop\compilers-q7\compilation_for_students_step_10_liveness_analysis\step_10_liveness_analysis\verifycodegeneration\verifycodegen\debug\absyn.obj
c:\users\danie_000\desktop\compilers-q7\compilation_for_students_step_10_liveness_analysis\step_10_liveness_analysis\verifycodegeneration\verifycodegen\debug\errormsg.obj
c:\users\danie_000\desktop\compilers-q7\compilation_for_students_step_10_liveness_analysis\step_10_liveness_analysis\verifycodegeneration\verifycodegen\debug\main.obj
c:\users\danie_000\desktop\compilers-q7\compilation_for_students_step_10_liveness_analysis\step_10_liveness_analysis\verifycodegeneration\verifycodegen\debug\parse.obj
c:\users\danie_000\desktop\compilers-q7\compilation_for_students_step_10_liveness_analysis\step_10_liveness_analysis\verifycodegeneration\verifycodegen\debug\util.obj
c:\users\danie_000\dropbox\compilers-final_project\register_allocation\liveness_analysis\verifycodegen\debug\vc120.pdb
c:\users\danie_000\dropbox\compilers-final_project\register_allocation\liveness_analysis\verifycodegen\debug\vc120.idb
c:\users\danie_000\dropbox\compilers-final_project\register_allocation\liveness_analysis\verifycodegen\debug\tiger.tab.obj
c:\users\danie_000\dropbox\compilers-final_project\register_allocation\liveness_analysis\verifycodegen\debug\lex.yy.obj
c:\users\danie_000\dropbox\compilers-final_project\register_allocation\liveness_analysis\verifycodegen\debug\absyn.obj
c:\users\danie_000\dropbox\compilers-final_project\register_allocation\liveness_analysis\verifycodegen\debug\errormsg.obj
c:\users\danie_000\dropbox\compilers-final_project\register_allocation\liveness_analysis\verifycodegen\debug\main.obj
c:\users\danie_000\dropbox\compilers-final_project\register_allocation\liveness_analysis\verifycodegen\debug\parse.obj
c:\users\danie_000\dropbox\compilers-final_project\register_allocation\liveness_analysis\verifycodegen\debug\util.obj
c:\users\danie_000\desktop\compilers-q7\compilation_for_students_step_10_liveness_analysis\step_10_liveness_analysis\verifycodegeneration\verifycodegen\debug\verifycodegen.ilk
c:\users\danie_000\desktop\compilers-q7\compilation_for_students_step_10_liveness_analysis\step_10_liveness_analysis\verifycodegeneration\verifycodegen\debug\verifycodegen.exe
c:\users\danie_000\desktop\compilers-q7\compilation_for_students_step_10_liveness_analysis\step_10_liveness_analysis\verifycodegeneration\verifycodegen\debug\verifycodegen.pdb
c:\users\danie_000\dropbox\compilers-final_project\register_allocation\liveness_analysis\verifycodegen\debug\verifycodegen.ilk
c:\users\danie_000\dropbox\compilers-final_project\register_allocation\liveness_analysis\verifycodegen\debug\verifycodegen.exe
c:\users\danie_000\dropbox\compilers-final_project\register_allocation\liveness_analysis\verifycodegen\debug\verifycodegen.pdb
c:\users\danie_000\dropbox\compilers-final_project\register_allocation\liveness_analysis\verifycodegen\debug\verifycodegen.tlog\cl.command.1.tlog
c:\users\danie_000\dropbox\compilers-final_project\register_allocation\liveness_analysis\verifycodegen\debug\verifycodegen.tlog\cl.read.1.tlog
c:\users\danie_000\dropbox\compilers-final_project\register_allocation\liveness_analysis\verifycodegen\debug\verifycodegen.tlog\cl.write.1.tlog
c:\users\danie_000\dropbox\compilers-final_project\register_allocation\liveness_analysis\verifycodegen\debug\verifycodegen.tlog\link.command.1.tlog
c:\users\danie_000\dropbox\compilers-final_project\register_allocation\liveness_analysis\verifycodegen\debug\verifycodegen.tlog\link.read.1.tlog
c:\users\danie_000\dropbox\compilers-final_project\register_allocation\liveness_analysis\verifycodegen\debug\verifycodegen.tlog\link.write.1.tlog
