c:\users\oren ish shalom\documents\job\mta\2012-2013\2013_february_01\compilation\flex\debug\ccl.obj
c:\users\oren ish shalom\documents\job\mta\2012-2013\2013_february_01\compilation\flex\debug\dfa.obj
c:\users\oren ish shalom\documents\job\mta\2012-2013\2013_february_01\compilation\flex\debug\ecs.obj
c:\users\oren ish shalom\documents\job\mta\2012-2013\2013_february_01\compilation\flex\debug\gen.obj
c:\users\oren ish shalom\documents\job\mta\2012-2013\2013_february_01\compilation\flex\debug\initscan.obj
c:\users\oren ish shalom\documents\job\mta\2012-2013\2013_february_01\compilation\flex\debug\main.obj
c:\users\oren ish shalom\documents\job\mta\2012-2013\2013_february_01\compilation\flex\debug\misc.obj
c:\users\oren ish shalom\documents\job\mta\2012-2013\2013_february_01\compilation\flex\debug\nfa.obj
c:\users\oren ish shalom\documents\job\mta\2012-2013\2013_february_01\compilation\flex\debug\parse.obj
c:\users\oren ish shalom\documents\job\mta\2012-2013\2013_february_01\compilation\flex\debug\skel.obj
c:\users\oren ish shalom\documents\job\mta\2012-2013\2013_february_01\compilation\flex\debug\sym.obj
c:\users\oren ish shalom\documents\job\mta\2012-2013\2013_february_01\compilation\flex\debug\tblcmp.obj
c:\users\oren ish shalom\documents\job\mta\2012-2013\2013_february_01\compilation\flex\debug\yylex.obj
c:\users\oren ish shalom\documents\job\mta\2012-2013\2013_february_01\compilation\flex\debug\vc100.pdb
c:\users\oren ish shalom\documents\job\mta\2012-2013\2013_february_26\compilation\step_01_lexical_analyzer\flex\debug\ccl.obj
c:\users\oren ish shalom\documents\job\mta\2012-2013\2013_february_26\compilation\step_01_lexical_analyzer\flex\debug\dfa.obj
c:\users\oren ish shalom\documents\job\mta\2012-2013\2013_february_26\compilation\step_01_lexical_analyzer\flex\debug\ecs.obj
c:\users\oren ish shalom\documents\job\mta\2012-2013\2013_february_26\compilation\step_01_lexical_analyzer\flex\debug\gen.obj
c:\users\oren ish shalom\documents\job\mta\2012-2013\2013_february_26\compilation\step_01_lexical_analyzer\flex\debug\initscan.obj
c:\users\oren ish shalom\documents\job\mta\2012-2013\2013_february_26\compilation\step_01_lexical_analyzer\flex\debug\main.obj
c:\users\oren ish shalom\documents\job\mta\2012-2013\2013_february_26\compilation\step_01_lexical_analyzer\flex\debug\misc.obj
c:\users\oren ish shalom\documents\job\mta\2012-2013\2013_february_26\compilation\step_01_lexical_analyzer\flex\debug\nfa.obj
c:\users\oren ish shalom\documents\job\mta\2012-2013\2013_february_26\compilation\step_01_lexical_analyzer\flex\debug\parse.obj
c:\users\oren ish shalom\documents\job\mta\2012-2013\2013_february_26\compilation\step_01_lexical_analyzer\flex\debug\skel.obj
c:\users\oren ish shalom\documents\job\mta\2012-2013\2013_february_26\compilation\step_01_lexical_analyzer\flex\debug\sym.obj
c:\users\oren ish shalom\documents\job\mta\2012-2013\2013_february_26\compilation\step_01_lexical_analyzer\flex\debug\tblcmp.obj
c:\users\oren ish shalom\documents\job\mta\2012-2013\2013_february_26\compilation\step_01_lexical_analyzer\flex\debug\yylex.obj
c:\users\oren ish shalom\documents\job\mta\2012-2013\2013_february_26\compilation\step_01_lexical_analyzer\flex\debug\vc100.pdb
c:\users\oren ish shalom\documents\job\mta\2012-2013\2013_february_26\compilation\step_06_semantic_analysis\semantic_analysis_tiger\flex\debug\ccl.obj
c:\users\oren ish shalom\documents\job\mta\2012-2013\2013_february_26\compilation\step_06_semantic_analysis\semantic_analysis_tiger\flex\debug\dfa.obj
c:\users\oren ish shalom\documents\job\mta\2012-2013\2013_february_26\compilation\step_06_semantic_analysis\semantic_analysis_tiger\flex\debug\ecs.obj
c:\users\oren ish shalom\documents\job\mta\2012-2013\2013_february_26\compilation\step_06_semantic_analysis\semantic_analysis_tiger\flex\debug\gen.obj
c:\users\oren ish shalom\documents\job\mta\2012-2013\2013_february_26\compilation\step_06_semantic_analysis\semantic_analysis_tiger\flex\debug\initscan.obj
c:\users\oren ish shalom\documents\job\mta\2012-2013\2013_february_26\compilation\step_06_semantic_analysis\semantic_analysis_tiger\flex\debug\main.obj
c:\users\oren ish shalom\documents\job\mta\2012-2013\2013_february_26\compilation\step_06_semantic_analysis\semantic_analysis_tiger\flex\debug\misc.obj
c:\users\oren ish shalom\documents\job\mta\2012-2013\2013_february_26\compilation\step_06_semantic_analysis\semantic_analysis_tiger\flex\debug\nfa.obj
c:\users\oren ish shalom\documents\job\mta\2012-2013\2013_february_26\compilation\step_06_semantic_analysis\semantic_analysis_tiger\flex\debug\parse.obj
c:\users\oren ish shalom\documents\job\mta\2012-2013\2013_february_26\compilation\step_06_semantic_analysis\semantic_analysis_tiger\flex\debug\skel.obj
c:\users\oren ish shalom\documents\job\mta\2012-2013\2013_february_26\compilation\step_06_semantic_analysis\semantic_analysis_tiger\flex\debug\sym.obj
c:\users\oren ish shalom\documents\job\mta\2012-2013\2013_february_26\compilation\step_06_semantic_analysis\semantic_analysis_tiger\flex\debug\tblcmp.obj
c:\users\oren ish shalom\documents\job\mta\2012-2013\2013_february_26\compilation\step_06_semantic_analysis\semantic_analysis_tiger\flex\debug\yylex.obj
c:\users\oren ish shalom\documents\job\mta\2012-2013\2013_february_26\compilation\step_06_semantic_analysis\semantic_analysis_tiger\flex\debug\vc100.pdb
c:\users\oren ish shalom\documents\job\mta\2012-2013\2013_february_26\compilation\step_07_intermediate_representation\semantic_analysis_tiger\flex\debug\ccl.obj
c:\users\oren ish shalom\documents\job\mta\2012-2013\2013_february_26\compilation\step_07_intermediate_representation\semantic_analysis_tiger\flex\debug\dfa.obj
c:\users\oren ish shalom\documents\job\mta\2012-2013\2013_february_26\compilation\step_07_intermediate_representation\semantic_analysis_tiger\flex\debug\ecs.obj
c:\users\oren ish shalom\documents\job\mta\2012-2013\2013_february_26\compilation\step_07_intermediate_representation\semantic_analysis_tiger\flex\debug\gen.obj
c:\users\oren ish shalom\documents\job\mta\2012-2013\2013_february_26\compilation\step_07_intermediate_representation\semantic_analysis_tiger\flex\debug\initscan.obj
c:\users\oren ish shalom\documents\job\mta\2012-2013\2013_february_26\compilation\step_07_intermediate_representation\semantic_analysis_tiger\flex\debug\main.obj
c:\users\oren ish shalom\documents\job\mta\2012-2013\2013_february_26\compilation\step_07_intermediate_representation\semantic_analysis_tiger\flex\debug\misc.obj
c:\users\oren ish shalom\documents\job\mta\2012-2013\2013_february_26\compilation\step_07_intermediate_representation\semantic_analysis_tiger\flex\debug\nfa.obj
c:\users\oren ish shalom\documents\job\mta\2012-2013\2013_february_26\compilation\step_07_intermediate_representation\semantic_analysis_tiger\flex\debug\parse.obj
c:\users\oren ish shalom\documents\job\mta\2012-2013\2013_february_26\compilation\step_07_intermediate_representation\semantic_analysis_tiger\flex\debug\skel.obj
c:\users\oren ish shalom\documents\job\mta\2012-2013\2013_february_26\compilation\step_07_intermediate_representation\semantic_analysis_tiger\flex\debug\sym.obj
c:\users\oren ish shalom\documents\job\mta\2012-2013\2013_february_26\compilation\step_07_intermediate_representation\semantic_analysis_tiger\flex\debug\tblcmp.obj
c:\users\oren ish shalom\documents\job\mta\2012-2013\2013_february_26\compilation\step_07_intermediate_representation\semantic_analysis_tiger\flex\debug\yylex.obj
c:\users\oren ish shalom\documents\job\mta\2012-2013\2013_february_26\compilation\step_07_intermediate_representation\semantic_analysis_tiger\flex\debug\vc100.pdb
c:\users\oren ish shalom\documents\job\mta\2012-2013\2013_february_26\compilation\step_09_code_generation_verification\verifycodegeneration\flex\debug\ccl.obj
c:\users\oren ish shalom\documents\job\mta\2012-2013\2013_february_26\compilation\step_09_code_generation_verification\verifycodegeneration\flex\debug\dfa.obj
c:\users\oren ish shalom\documents\job\mta\2012-2013\2013_february_26\compilation\step_09_code_generation_verification\verifycodegeneration\flex\debug\ecs.obj
c:\users\oren ish shalom\documents\job\mta\2012-2013\2013_february_26\compilation\step_09_code_generation_verification\verifycodegeneration\flex\debug\gen.obj
c:\users\oren ish shalom\documents\job\mta\2012-2013\2013_february_26\compilation\step_09_code_generation_verification\verifycodegeneration\flex\debug\initscan.obj
c:\users\oren ish shalom\documents\job\mta\2012-2013\2013_february_26\compilation\step_09_code_generation_verification\verifycodegeneration\flex\debug\main.obj
c:\users\oren ish shalom\documents\job\mta\2012-2013\2013_february_26\compilation\step_09_code_generation_verification\verifycodegeneration\flex\debug\misc.obj
c:\users\oren ish shalom\documents\job\mta\2012-2013\2013_february_26\compilation\step_09_code_generation_verification\verifycodegeneration\flex\debug\nfa.obj
c:\users\oren ish shalom\documents\job\mta\2012-2013\2013_february_26\compilation\step_09_code_generation_verification\verifycodegeneration\flex\debug\parse.obj
c:\users\oren ish shalom\documents\job\mta\2012-2013\2013_february_26\compilation\step_09_code_generation_verification\verifycodegeneration\flex\debug\skel.obj
c:\users\oren ish shalom\documents\job\mta\2012-2013\2013_february_26\compilation\step_09_code_generation_verification\verifycodegeneration\flex\debug\sym.obj
c:\users\oren ish shalom\documents\job\mta\2012-2013\2013_february_26\compilation\step_09_code_generation_verification\verifycodegeneration\flex\debug\tblcmp.obj
c:\users\oren ish shalom\documents\job\mta\2012-2013\2013_february_26\compilation\step_09_code_generation_verification\verifycodegeneration\flex\debug\yylex.obj
c:\users\oren ish shalom\documents\job\mta\2012-2013\2013_february_26\compilation\step_09_code_generation_verification\verifycodegeneration\flex\debug\vc100.pdb
c:\users\oren ish shalom\documents\job\mta\2013-2014\semester_02\compilation\compilation_for_lecturer\step_09_code_generation_verification\verifycodegeneration\flex\debug\ccl.obj
c:\users\oren ish shalom\documents\job\mta\2013-2014\semester_02\compilation\compilation_for_lecturer\step_09_code_generation_verification\verifycodegeneration\flex\debug\dfa.obj
c:\users\oren ish shalom\documents\job\mta\2013-2014\semester_02\compilation\compilation_for_lecturer\step_09_code_generation_verification\verifycodegeneration\flex\debug\ecs.obj
c:\users\oren ish shalom\documents\job\mta\2013-2014\semester_02\compilation\compilation_for_lecturer\step_09_code_generation_verification\verifycodegeneration\flex\debug\gen.obj
c:\users\oren ish shalom\documents\job\mta\2013-2014\semester_02\compilation\compilation_for_lecturer\step_09_code_generation_verification\verifycodegeneration\flex\debug\initscan.obj
c:\users\oren ish shalom\documents\job\mta\2013-2014\semester_02\compilation\compilation_for_lecturer\step_09_code_generation_verification\verifycodegeneration\flex\debug\main.obj
c:\users\oren ish shalom\documents\job\mta\2013-2014\semester_02\compilation\compilation_for_lecturer\step_09_code_generation_verification\verifycodegeneration\flex\debug\misc.obj
c:\users\oren ish shalom\documents\job\mta\2013-2014\semester_02\compilation\compilation_for_lecturer\step_09_code_generation_verification\verifycodegeneration\flex\debug\nfa.obj
c:\users\oren ish shalom\documents\job\mta\2013-2014\semester_02\compilation\compilation_for_lecturer\step_09_code_generation_verification\verifycodegeneration\flex\debug\parse.obj
c:\users\oren ish shalom\documents\job\mta\2013-2014\semester_02\compilation\compilation_for_lecturer\step_09_code_generation_verification\verifycodegeneration\flex\debug\skel.obj
c:\users\oren ish shalom\documents\job\mta\2013-2014\semester_02\compilation\compilation_for_lecturer\step_09_code_generation_verification\verifycodegeneration\flex\debug\sym.obj
c:\users\oren ish shalom\documents\job\mta\2013-2014\semester_02\compilation\compilation_for_lecturer\step_09_code_generation_verification\verifycodegeneration\flex\debug\tblcmp.obj
c:\users\oren ish shalom\documents\job\mta\2013-2014\semester_02\compilation\compilation_for_lecturer\step_09_code_generation_verification\verifycodegeneration\flex\debug\yylex.obj
c:\users\oren ish shalom\documents\job\mta\2013-2014\semester_02\compilation\compilation_for_lecturer\step_09_code_generation_verification\verifycodegeneration\flex\debug\vc100.pdb
c:\users\oren ish shalom\documents\job\mta\2012-2013\2013_february_01\compilation\flex\debug\flex.ilk
c:\users\oren ish shalom\documents\job\mta\2012-2013\2013_february_01\compilation\flex\debug\flex.exe
c:\users\oren ish shalom\documents\job\mta\2012-2013\2013_february_01\compilation\flex\debug\flex.exe.intermediate.manifest
c:\users\oren ish shalom\documents\job\mta\2012-2013\2013_february_01\compilation\flex\debug\flex.pdb
c:\users\oren ish shalom\documents\job\mta\2012-2013\2013_february_26\compilation\step_01_lexical_analyzer\flex\debug\flex.ilk
c:\users\oren ish shalom\documents\job\mta\2012-2013\2013_february_26\compilation\step_01_lexical_analyzer\flex\debug\flex.exe
c:\users\oren ish shalom\documents\job\mta\2012-2013\2013_february_26\compilation\step_01_lexical_analyzer\flex\debug\flex.exe.intermediate.manifest
c:\users\oren ish shalom\documents\job\mta\2012-2013\2013_february_26\compilation\step_01_lexical_analyzer\flex\debug\flex.pdb
c:\users\oren ish shalom\documents\job\mta\2012-2013\2013_february_26\compilation\step_06_semantic_analysis\semantic_analysis_tiger\flex\debug\flex.ilk
c:\users\oren ish shalom\documents\job\mta\2012-2013\2013_february_26\compilation\step_06_semantic_analysis\semantic_analysis_tiger\flex\debug\flex.exe
c:\users\oren ish shalom\documents\job\mta\2012-2013\2013_february_26\compilation\step_06_semantic_analysis\semantic_analysis_tiger\flex\debug\flex.exe.intermediate.manifest
c:\users\oren ish shalom\documents\job\mta\2012-2013\2013_february_26\compilation\step_06_semantic_analysis\semantic_analysis_tiger\flex\debug\flex.pdb
c:\users\oren ish shalom\documents\job\mta\2012-2013\2013_february_26\compilation\step_07_intermediate_representation\semantic_analysis_tiger\flex\debug\flex.ilk
c:\users\oren ish shalom\documents\job\mta\2012-2013\2013_february_26\compilation\step_07_intermediate_representation\semantic_analysis_tiger\flex\debug\flex.exe
c:\users\oren ish shalom\documents\job\mta\2012-2013\2013_february_26\compilation\step_07_intermediate_representation\semantic_analysis_tiger\flex\debug\flex.exe.intermediate.manifest
c:\users\oren ish shalom\documents\job\mta\2012-2013\2013_february_26\compilation\step_07_intermediate_representation\semantic_analysis_tiger\flex\debug\flex.pdb
c:\users\oren ish shalom\documents\job\mta\2012-2013\2013_february_26\compilation\step_09_code_generation_verification\verifycodegeneration\flex\debug\flex.ilk
c:\users\oren ish shalom\documents\job\mta\2012-2013\2013_february_26\compilation\step_09_code_generation_verification\verifycodegeneration\flex\debug\flex.exe
c:\users\oren ish shalom\documents\job\mta\2012-2013\2013_february_26\compilation\step_09_code_generation_verification\verifycodegeneration\flex\debug\flex.exe.intermediate.manifest
c:\users\oren ish shalom\documents\job\mta\2012-2013\2013_february_26\compilation\step_09_code_generation_verification\verifycodegeneration\flex\debug\flex.pdb
c:\users\oren ish shalom\documents\job\mta\2013-2014\semester_02\compilation\compilation_for_lecturer\step_09_code_generation_verification\verifycodegeneration\flex\debug\flex.ilk
c:\users\oren ish shalom\documents\job\mta\2013-2014\semester_02\compilation\compilation_for_lecturer\step_09_code_generation_verification\verifycodegeneration\flex\debug\flex.exe
c:\users\oren ish shalom\documents\job\mta\2013-2014\semester_02\compilation\compilation_for_lecturer\step_09_code_generation_verification\verifycodegeneration\flex\debug\flex.exe.intermediate.manifest
c:\users\oren ish shalom\documents\job\mta\2013-2014\semester_02\compilation\compilation_for_lecturer\step_09_code_generation_verification\verifycodegeneration\flex\debug\flex.pdb
c:\users\oren ish shalom\documents\job\mta\2012-2013\2013_february_01\compilation\flex\debug\flex.exe.embed.manifest
c:\users\oren ish shalom\documents\job\mta\2012-2013\2013_february_01\compilation\flex\debug\flex.exe.embed.manifest.res
c:\users\oren ish shalom\documents\job\mta\2012-2013\2013_february_26\compilation\step_01_lexical_analyzer\flex\debug\flex.exe.embed.manifest.res
c:\users\oren ish shalom\documents\job\mta\2012-2013\2013_february_26\compilation\step_06_semantic_analysis\semantic_analysis_tiger\flex\debug\flex.exe.embed.manifest.res
c:\users\oren ish shalom\documents\job\mta\2012-2013\2013_february_26\compilation\step_07_intermediate_representation\semantic_analysis_tiger\flex\debug\flex.exe.embed.manifest.res
c:\users\oren ish shalom\documents\job\mta\2012-2013\2013_february_26\compilation\step_09_code_generation_verification\verifycodegeneration\flex\debug\flex.exe.embed.manifest.res
c:\users\oren ish shalom\documents\job\mta\2013-2014\semester_02\compilation\compilation_for_lecturer\step_09_code_generation_verification\verifycodegeneration\flex\debug\flex.exe.embed.manifest.res
c:\users\danie_000\desktop\compilers-q7\compilation_for_students_step_10_liveness_analysis\step_10_liveness_analysis\verifycodegeneration\flex\debug\vc120.pdb
c:\users\danie_000\desktop\compilers-q7\compilation_for_students_step_10_liveness_analysis\step_10_liveness_analysis\verifycodegeneration\flex\debug\vc120.idb
c:\users\danie_000\desktop\compilers-q7\compilation_for_students_step_10_liveness_analysis\step_10_liveness_analysis\verifycodegeneration\flex\debug\ccl.obj
c:\users\danie_000\desktop\compilers-q7\compilation_for_students_step_10_liveness_analysis\step_10_liveness_analysis\verifycodegeneration\flex\debug\dfa.obj
c:\users\danie_000\desktop\compilers-q7\compilation_for_students_step_10_liveness_analysis\step_10_liveness_analysis\verifycodegeneration\flex\debug\ecs.obj
c:\users\danie_000\desktop\compilers-q7\compilation_for_students_step_10_liveness_analysis\step_10_liveness_analysis\verifycodegeneration\flex\debug\gen.obj
c:\users\danie_000\desktop\compilers-q7\compilation_for_students_step_10_liveness_analysis\step_10_liveness_analysis\verifycodegeneration\flex\debug\initscan.obj
c:\users\danie_000\desktop\compilers-q7\compilation_for_students_step_10_liveness_analysis\step_10_liveness_analysis\verifycodegeneration\flex\debug\main.obj
c:\users\danie_000\desktop\compilers-q7\compilation_for_students_step_10_liveness_analysis\step_10_liveness_analysis\verifycodegeneration\flex\debug\misc.obj
c:\users\danie_000\desktop\compilers-q7\compilation_for_students_step_10_liveness_analysis\step_10_liveness_analysis\verifycodegeneration\flex\debug\nfa.obj
c:\users\danie_000\desktop\compilers-q7\compilation_for_students_step_10_liveness_analysis\step_10_liveness_analysis\verifycodegeneration\flex\debug\parse.obj
c:\users\danie_000\desktop\compilers-q7\compilation_for_students_step_10_liveness_analysis\step_10_liveness_analysis\verifycodegeneration\flex\debug\skel.obj
c:\users\danie_000\desktop\compilers-q7\compilation_for_students_step_10_liveness_analysis\step_10_liveness_analysis\verifycodegeneration\flex\debug\sym.obj
c:\users\danie_000\desktop\compilers-q7\compilation_for_students_step_10_liveness_analysis\step_10_liveness_analysis\verifycodegeneration\flex\debug\tblcmp.obj
c:\users\danie_000\desktop\compilers-q7\compilation_for_students_step_10_liveness_analysis\step_10_liveness_analysis\verifycodegeneration\flex\debug\yylex.obj
c:\users\danie_000\desktop\compilers-q7\compilation_for_students_step_10_liveness_analysis\step_10_liveness_analysis\verifycodegeneration\flex\debug\cl.command.1.tlog
c:\users\danie_000\desktop\compilers-q7\compilation_for_students_step_10_liveness_analysis\step_10_liveness_analysis\verifycodegeneration\flex\debug\cl.read.1.tlog
c:\users\danie_000\desktop\compilers-q7\compilation_for_students_step_10_liveness_analysis\step_10_liveness_analysis\verifycodegeneration\flex\debug\cl.write.1.tlog
c:\users\danie_000\desktop\compilers-q7\compilation_for_students_step_10_liveness_analysis\step_10_liveness_analysis\verifycodegeneration\flex\debug\link-cvtres.read.1.tlog
c:\users\danie_000\desktop\compilers-q7\compilation_for_students_step_10_liveness_analysis\step_10_liveness_analysis\verifycodegeneration\flex\debug\link-cvtres.write.1.tlog
c:\users\danie_000\desktop\compilers-q7\compilation_for_students_step_10_liveness_analysis\step_10_liveness_analysis\verifycodegeneration\flex\debug\link.22704-cvtres.read.1.tlog
c:\users\danie_000\desktop\compilers-q7\compilation_for_students_step_10_liveness_analysis\step_10_liveness_analysis\verifycodegeneration\flex\debug\link.22704-cvtres.write.1.tlog
c:\users\danie_000\desktop\compilers-q7\compilation_for_students_step_10_liveness_analysis\step_10_liveness_analysis\verifycodegeneration\flex\debug\link.22704.read.1.tlog
c:\users\danie_000\desktop\compilers-q7\compilation_for_students_step_10_liveness_analysis\step_10_liveness_analysis\verifycodegeneration\flex\debug\link.22704.write.1.tlog
c:\users\danie_000\desktop\compilers-q7\compilation_for_students_step_10_liveness_analysis\step_10_liveness_analysis\verifycodegeneration\flex\debug\link.command.1.tlog
c:\users\danie_000\desktop\compilers-q7\compilation_for_students_step_10_liveness_analysis\step_10_liveness_analysis\verifycodegeneration\flex\debug\link.read.1.tlog
c:\users\danie_000\desktop\compilers-q7\compilation_for_students_step_10_liveness_analysis\step_10_liveness_analysis\verifycodegeneration\flex\debug\link.write.1.tlog
c:\users\danie_000\desktop\compilers-q7\compilation_for_students_step_10_liveness_analysis\step_10_liveness_analysis\verifycodegeneration\flex\debug\mt.command.1.tlog
c:\users\danie_000\desktop\compilers-q7\compilation_for_students_step_10_liveness_analysis\step_10_liveness_analysis\verifycodegeneration\flex\debug\mt.read.1.tlog
c:\users\danie_000\desktop\compilers-q7\compilation_for_students_step_10_liveness_analysis\step_10_liveness_analysis\verifycodegeneration\flex\debug\mt.write.1.tlog
c:\users\danie_000\desktop\compilers-q7\compilation_for_students_step_10_liveness_analysis\step_10_liveness_analysis\verifycodegeneration\flex\debug\rc.command.1.tlog
c:\users\danie_000\desktop\compilers-q7\compilation_for_students_step_10_liveness_analysis\step_10_liveness_analysis\verifycodegeneration\flex\debug\rc.read.1.tlog
c:\users\danie_000\desktop\compilers-q7\compilation_for_students_step_10_liveness_analysis\step_10_liveness_analysis\verifycodegeneration\flex\debug\rc.write.1.tlog
c:\users\danie_000\desktop\compilers-q7\compilation_for_students_step_10_liveness_analysis\step_10_liveness_analysis\verifycodegeneration\flex\debug\flex.exe.embed.manifest
c:\users\danie_000\desktop\compilers-q7\compilation_for_students_step_10_liveness_analysis\step_10_liveness_analysis\verifycodegeneration\flex\debug\flex.exe.intermediate.manifest
c:\users\danie_000\desktop\compilers-q7\compilation_for_students_step_10_liveness_analysis\step_10_liveness_analysis\verifycodegeneration\flex\debug\flex.exe.embed.manifest.res
c:\users\danie_000\desktop\compilers-q7\compilation_for_students_step_10_liveness_analysis\step_10_liveness_analysis\verifycodegeneration\flex\debug\vc100.idb
c:\users\danie_000\desktop\compilers-q7\compilation_for_students_step_10_liveness_analysis\step_10_liveness_analysis\verifycodegeneration\flex\debug\flex.pdb
c:\users\danie_000\desktop\compilers-q7\compilation_for_students_step_10_liveness_analysis\step_10_liveness_analysis\verifycodegeneration\flex\debug\vc100.pdb
c:\users\danie_000\desktop\compilers-q7\compilation_for_students_step_10_liveness_analysis\step_10_liveness_analysis\verifycodegeneration\flex\debug\flex_manifest.rc
c:\users\danie_000\desktop\compilers-q7\compilation_for_students_step_10_liveness_analysis\step_10_liveness_analysis\verifycodegeneration\flex\debug\flex.tlog\cl.command.1.tlog
c:\users\danie_000\desktop\compilers-q7\compilation_for_students_step_10_liveness_analysis\step_10_liveness_analysis\verifycodegeneration\flex\debug\flex.tlog\cl.read.1.tlog
c:\users\danie_000\desktop\compilers-q7\compilation_for_students_step_10_liveness_analysis\step_10_liveness_analysis\verifycodegeneration\flex\debug\flex.tlog\cl.write.1.tlog
c:\users\danie_000\desktop\compilers-q7\compilation_for_students_step_10_liveness_analysis\step_10_liveness_analysis\verifycodegeneration\flex\debug\flex.tlog\link-cvtres.read.1.tlog
c:\users\danie_000\desktop\compilers-q7\compilation_for_students_step_10_liveness_analysis\step_10_liveness_analysis\verifycodegeneration\flex\debug\flex.tlog\link-cvtres.write.1.tlog
c:\users\danie_000\desktop\compilers-q7\compilation_for_students_step_10_liveness_analysis\step_10_liveness_analysis\verifycodegeneration\flex\debug\flex.tlog\link-rc.read.1.tlog
c:\users\danie_000\desktop\compilers-q7\compilation_for_students_step_10_liveness_analysis\step_10_liveness_analysis\verifycodegeneration\flex\debug\flex.tlog\link-rc.write.1.tlog
c:\users\danie_000\desktop\compilers-q7\compilation_for_students_step_10_liveness_analysis\step_10_liveness_analysis\verifycodegeneration\flex\debug\flex.tlog\link.command.1.tlog
c:\users\danie_000\desktop\compilers-q7\compilation_for_students_step_10_liveness_analysis\step_10_liveness_analysis\verifycodegeneration\flex\debug\flex.tlog\link.read.1.tlog
c:\users\danie_000\desktop\compilers-q7\compilation_for_students_step_10_liveness_analysis\step_10_liveness_analysis\verifycodegeneration\flex\debug\flex.tlog\link.write.1.tlog
