c:\users\danie_000\desktop\compilation_for_students_step_07_ir_bugfix\step_08_code_generation\codegeneration\debug\vc120.pdb
c:\users\danie_000\desktop\compilation_for_students_step_07_ir_bugfix\step_08_code_generation\codegeneration\debug\vc120.idb
c:\users\danie_000\desktop\compilation_for_students_step_07_ir_bugfix\step_08_code_generation\codegeneration\debug\errormsg.obj
c:\users\danie_000\desktop\compilation_for_students_step_07_ir_bugfix\step_08_code_generation\codegeneration\debug\temp.obj
c:\users\danie_000\desktop\compilation_for_students_step_07_ir_bugfix\step_08_code_generation\codegeneration\debug\tree.obj
c:\users\danie_000\desktop\compilation_for_students_step_07_ir_bugfix\step_08_code_generation\codegeneration\debug\util.obj
c:\users\danie_000\desktop\compilation_for_students_step_07_ir_bugfix\step_08_code_generation\codegeneration\debug\tiger.tab.obj
c:\users\danie_000\desktop\compilation_for_students_step_07_ir_bugfix\step_08_code_generation\codegeneration\debug\lex.yy.obj
c:\users\danie_000\desktop\compilation_for_students_step_07_ir_bugfix\step_08_code_generation\codegeneration\debug\absyn.obj
c:\users\danie_000\desktop\compilation_for_students_step_07_ir_bugfix\step_08_code_generation\codegeneration\debug\absyn_print.obj
c:\users\danie_000\desktop\compilation_for_students_step_07_ir_bugfix\step_08_code_generation\codegeneration\debug\env.obj
c:\users\danie_000\desktop\compilation_for_students_step_07_ir_bugfix\step_08_code_generation\codegeneration\debug\ir.obj
c:\users\danie_000\desktop\compilation_for_students_step_07_ir_bugfix\step_08_code_generation\codegeneration\debug\ir_print.obj
c:\users\danie_000\desktop\compilation_for_students_step_07_ir_bugfix\step_08_code_generation\codegeneration\debug\main.obj
c:\users\danie_000\desktop\compilation_for_students_step_07_ir_bugfix\step_08_code_generation\codegeneration\debug\mips_asm.obj
c:\users\danie_000\desktop\compilation_for_students_step_07_ir_bugfix\step_08_code_generation\codegeneration\debug\mips_frame.obj
c:\users\danie_000\desktop\compilation_for_students_step_07_ir_bugfix\step_08_code_generation\codegeneration\debug\parse.obj
c:\users\danie_000\desktop\compilation_for_students_step_07_ir_bugfix\step_08_code_generation\codegeneration\debug\prabsyn.obj
c:\users\danie_000\desktop\compilation_for_students_step_07_ir_bugfix\step_08_code_generation\codegeneration\debug\semant.obj
c:\users\danie_000\desktop\compilation_for_students_step_07_ir_bugfix\step_08_code_generation\codegeneration\debug\symbol.obj
c:\users\danie_000\desktop\compilation_for_students_step_07_ir_bugfix\step_08_code_generation\codegeneration\debug\table.obj
c:\users\danie_000\desktop\compilation_for_students_step_07_ir_bugfix\step_08_code_generation\codegeneration\debug\types.obj
c:\users\danie_000\dropbox\compilers-final_project\ir_&_mips_gen\codegen\codegeneration\debug\vc120.pdb
c:\users\danie_000\dropbox\compilers-final_project\ir_&_mips_gen\codegen\codegeneration\debug\vc120.idb
c:\users\danie_000\dropbox\compilers-final_project\ir_&_mips_gen\codegen\codegeneration\debug\errormsg.obj
c:\users\danie_000\dropbox\compilers-final_project\ir_&_mips_gen\codegen\codegeneration\debug\temp.obj
c:\users\danie_000\dropbox\compilers-final_project\ir_&_mips_gen\codegen\codegeneration\debug\tree.obj
c:\users\danie_000\dropbox\compilers-final_project\ir_&_mips_gen\codegen\codegeneration\debug\util.obj
c:\users\danie_000\dropbox\compilers-final_project\ir_&_mips_gen\codegen\codegeneration\debug\tiger.tab.obj
c:\users\danie_000\dropbox\compilers-final_project\ir_&_mips_gen\codegen\codegeneration\debug\lex.yy.obj
c:\users\danie_000\dropbox\compilers-final_project\ir_&_mips_gen\codegen\codegeneration\debug\absyn.obj
c:\users\danie_000\dropbox\compilers-final_project\ir_&_mips_gen\codegen\codegeneration\debug\absyn_print.obj
c:\users\danie_000\dropbox\compilers-final_project\ir_&_mips_gen\codegen\codegeneration\debug\env.obj
c:\users\danie_000\dropbox\compilers-final_project\ir_&_mips_gen\codegen\codegeneration\debug\ir.obj
c:\users\danie_000\dropbox\compilers-final_project\ir_&_mips_gen\codegen\codegeneration\debug\ir_print.obj
c:\users\danie_000\dropbox\compilers-final_project\ir_&_mips_gen\codegen\codegeneration\debug\main.obj
c:\users\danie_000\dropbox\compilers-final_project\ir_&_mips_gen\codegen\codegeneration\debug\mips_asm.obj
c:\users\danie_000\dropbox\compilers-final_project\ir_&_mips_gen\codegen\codegeneration\debug\mips_frame.obj
c:\users\danie_000\dropbox\compilers-final_project\ir_&_mips_gen\codegen\codegeneration\debug\parse.obj
c:\users\danie_000\dropbox\compilers-final_project\ir_&_mips_gen\codegen\codegeneration\debug\prabsyn.obj
c:\users\danie_000\dropbox\compilers-final_project\ir_&_mips_gen\codegen\codegeneration\debug\semant.obj
c:\users\danie_000\dropbox\compilers-final_project\ir_&_mips_gen\codegen\codegeneration\debug\symbol.obj
c:\users\danie_000\dropbox\compilers-final_project\ir_&_mips_gen\codegen\codegeneration\debug\table.obj
c:\users\danie_000\dropbox\compilers-final_project\ir_&_mips_gen\codegen\codegeneration\debug\types.obj
c:\users\danie_000\desktop\compilation_for_students_step_07_ir_bugfix\step_08_code_generation\codegeneration\debug\codegeneration.exe
c:\users\danie_000\desktop\compilation_for_students_step_07_ir_bugfix\step_08_code_generation\codegeneration\debug\codegeneration.pdb
c:\users\danie_000\dropbox\compilers-final_project\ir_&_mips_gen\codegen\codegeneration\debug\codegeneration.exe
c:\users\danie_000\dropbox\compilers-final_project\ir_&_mips_gen\codegen\codegeneration\debug\codegeneration.pdb
c:\users\danie_000\dropbox\compilers-final_project\ir_&_mips_gen\codegen\codegeneration\debug\codegeneration.tlog\cl.command.1.tlog
c:\users\danie_000\dropbox\compilers-final_project\ir_&_mips_gen\codegen\codegeneration\debug\codegeneration.tlog\cl.read.1.tlog
c:\users\danie_000\dropbox\compilers-final_project\ir_&_mips_gen\codegen\codegeneration\debug\codegeneration.tlog\cl.write.1.tlog
c:\users\danie_000\dropbox\compilers-final_project\ir_&_mips_gen\codegen\codegeneration\debug\codegeneration.tlog\link.command.1.tlog
c:\users\danie_000\dropbox\compilers-final_project\ir_&_mips_gen\codegen\codegeneration\debug\codegeneration.tlog\link.read.1.tlog
c:\users\danie_000\dropbox\compilers-final_project\ir_&_mips_gen\codegen\codegeneration\debug\codegeneration.tlog\link.write.1.tlog
