Build started 15/12/2013 13:17:27.
     1>Project "C:\Users\Oren Ish Shalom\Documents\Job\MTA\2013-2014\semester_02\Compilation\Compilation_For_Lecturer\Step_08_Code_Generation\Semantic_Analysis_Tiger\Flex\Flex.vcxproj" on node 2 (build target(s)).
     1>InitializeBuildStatus:
         Creating "Debug\Flex.unsuccessfulbuild" because "AlwaysCreate" was specified.
       ClCompile:
         c:\Program Files (x86)\Microsoft Visual Studio 10.0\VC\bin\CL.exe /c /ZI /nologo /W3 /WX- /Od /Oy- /D WIN32 /D _DEBUG /D _CONSOLE /D _UNICODE /D UNICODE /Gm /EHsc /RTC1 /MDd /GS /fp:precise /Zc:wchar_t /Zc:forScope /Fo"Debug\\" /Fd"Debug\vc100.pdb" /Gd /TC /analyze- /errorReport:prompt ccl.c dfa.c ecs.c gen.c initscan.c main.c misc.c nfa.c parse.c skel.c sym.c tblcmp.c yylex.c
         yylex.c
         tblcmp.c
         sym.c
         skel.c
         parse.c
     1>./parse.y(798): warning C4996: 'sprintf': This function or variable may be unsafe. Consider using sprintf_s instead. To disable deprecation, use _CRT_SECURE_NO_WARNINGS. See online help for details.
                 c:\program files (x86)\microsoft visual studio 10.0\vc\include\stdio.h(371) : see declaration of 'sprintf'
     1>./parse.y(822): warning C4996: 'sprintf': This function or variable may be unsafe. Consider using sprintf_s instead. To disable deprecation, use _CRT_SECURE_NO_WARNINGS. See online help for details.
                 c:\program files (x86)\microsoft visual studio 10.0\vc\include\stdio.h(371) : see declaration of 'sprintf'
     1>./parse.y(844): warning C4996: 'sprintf': This function or variable may be unsafe. Consider using sprintf_s instead. To disable deprecation, use _CRT_SECURE_NO_WARNINGS. See online help for details.
                 c:\program files (x86)\microsoft visual studio 10.0\vc\include\stdio.h(371) : see declaration of 'sprintf'
     1>./parse.y(866): warning C4996: 'sprintf': This function or variable may be unsafe. Consider using sprintf_s instead. To disable deprecation, use _CRT_SECURE_NO_WARNINGS. See online help for details.
                 c:\program files (x86)\microsoft visual studio 10.0\vc\include\stdio.h(371) : see declaration of 'sprintf'
     1>./parse.y(890): warning C4996: 'sprintf': This function or variable may be unsafe. Consider using sprintf_s instead. To disable deprecation, use _CRT_SECURE_NO_WARNINGS. See online help for details.
                 c:\program files (x86)\microsoft visual studio 10.0\vc\include\stdio.h(371) : see declaration of 'sprintf'
     1>y.tab.c(618): warning C4102: 'yyerrlab' : unreferenced label
     1>y.tab.c(613): warning C4102: 'yynewerror' : unreferenced label
         nfa.c
     1>c:\users\oren ish shalom\documents\job\mta\2013-2014\semester_02\compilation\compilation_for_lecturer\step_08_code_generation\semantic_analysis_tiger\flex\nfa.c(216): warning C4996: 'sprintf': This function or variable may be unsafe. Consider using sprintf_s instead. To disable deprecation, use _CRT_SECURE_NO_WARNINGS. See online help for details.
                 c:\program files (x86)\microsoft visual studio 10.0\vc\include\stdio.h(371) : see declaration of 'sprintf'
     1>c:\users\oren ish shalom\documents\job\mta\2013-2014\semester_02\compilation\compilation_for_lecturer\step_08_code_generation\semantic_analysis_tiger\flex\nfa.c(249): warning C4996: 'sprintf': This function or variable may be unsafe. Consider using sprintf_s instead. To disable deprecation, use _CRT_SECURE_NO_WARNINGS. See online help for details.
                 c:\program files (x86)\microsoft visual studio 10.0\vc\include\stdio.h(371) : see declaration of 'sprintf'
     1>c:\users\oren ish shalom\documents\job\mta\2013-2014\semester_02\compilation\compilation_for_lecturer\step_08_code_generation\semantic_analysis_tiger\flex\nfa.c(256): warning C4996: 'sprintf': This function or variable may be unsafe. Consider using sprintf_s instead. To disable deprecation, use _CRT_SECURE_NO_WARNINGS. See online help for details.
                 c:\program files (x86)\microsoft visual studio 10.0\vc\include\stdio.h(371) : see declaration of 'sprintf'
         misc.c
     1>c:\users\oren ish shalom\documents\job\mta\2013-2014\semester_02\compilation\compilation_for_lecturer\step_08_code_generation\semantic_analysis_tiger\flex\misc.c(47): warning C4996: 'sprintf': This function or variable may be unsafe. Consider using sprintf_s instead. To disable deprecation, use _CRT_SECURE_NO_WARNINGS. See online help for details.
                 c:\program files (x86)\microsoft visual studio 10.0\vc\include\stdio.h(371) : see declaration of 'sprintf'
     1>c:\users\oren ish shalom\documents\job\mta\2013-2014\semester_02\compilation\compilation_for_lecturer\step_08_code_generation\semantic_analysis_tiger\flex\misc.c(73): warning C4996: 'strcpy': This function or variable may be unsafe. Consider using strcpy_s instead. To disable deprecation, use _CRT_SECURE_NO_WARNINGS. See online help for details.
                 c:\program files (x86)\microsoft visual studio 10.0\vc\include\string.h(105) : see declaration of 'strcpy'
     1>c:\users\oren ish shalom\documents\job\mta\2013-2014\semester_02\compilation\compilation_for_lecturer\step_08_code_generation\semantic_analysis_tiger\flex\misc.c(352): warning C4996: 'sscanf': This function or variable may be unsafe. Consider using sscanf_s instead. To disable deprecation, use _CRT_SECURE_NO_WARNINGS. See online help for details.
                 c:\program files (x86)\microsoft visual studio 10.0\vc\include\stdio.h(325) : see declaration of 'sscanf'
     1>c:\users\oren ish shalom\documents\job\mta\2013-2014\semester_02\compilation\compilation_for_lecturer\step_08_code_generation\semantic_analysis_tiger\flex\misc.c(365): warning C4996: 'sprintf': This function or variable may be unsafe. Consider using sprintf_s instead. To disable deprecation, use _CRT_SECURE_NO_WARNINGS. See online help for details.
                 c:\program files (x86)\microsoft visual studio 10.0\vc\include\stdio.h(371) : see declaration of 'sprintf'
     1>c:\users\oren ish shalom\documents\job\mta\2013-2014\semester_02\compilation\compilation_for_lecturer\step_08_code_generation\semantic_analysis_tiger\flex\misc.c(377): warning C4996: 'sprintf': This function or variable may be unsafe. Consider using sprintf_s instead. To disable deprecation, use _CRT_SECURE_NO_WARNINGS. See online help for details.
                 c:\program files (x86)\microsoft visual studio 10.0\vc\include\stdio.h(371) : see declaration of 'sprintf'
     1>c:\users\oren ish shalom\documents\job\mta\2013-2014\semester_02\compilation\compilation_for_lecturer\step_08_code_generation\semantic_analysis_tiger\flex\misc.c(415): warning C4996: 'sprintf': This function or variable may be unsafe. Consider using sprintf_s instead. To disable deprecation, use _CRT_SECURE_NO_WARNINGS. See online help for details.
                 c:\program files (x86)\microsoft visual studio 10.0\vc\include\stdio.h(371) : see declaration of 'sprintf'
     1>c:\users\oren ish shalom\documents\job\mta\2013-2014\semester_02\compilation\compilation_for_lecturer\step_08_code_generation\semantic_analysis_tiger\flex\misc.c(422): warning C4996: 'sprintf': This function or variable may be unsafe. Consider using sprintf_s instead. To disable deprecation, use _CRT_SECURE_NO_WARNINGS. See online help for details.
                 c:\program files (x86)\microsoft visual studio 10.0\vc\include\stdio.h(371) : see declaration of 'sprintf'
     1>c:\users\oren ish shalom\documents\job\mta\2013-2014\semester_02\compilation\compilation_for_lecturer\step_08_code_generation\semantic_analysis_tiger\flex\misc.c(520): warning C4996: 'sscanf': This function or variable may be unsafe. Consider using sscanf_s instead. To disable deprecation, use _CRT_SECURE_NO_WARNINGS. See online help for details.
                 c:\program files (x86)\microsoft visual studio 10.0\vc\include\stdio.h(325) : see declaration of 'sscanf'
     1>c:\users\oren ish shalom\documents\job\mta\2013-2014\semester_02\compilation\compilation_for_lecturer\step_08_code_generation\semantic_analysis_tiger\flex\misc.c(613): warning C4996: 'sscanf': This function or variable may be unsafe. Consider using sscanf_s instead. To disable deprecation, use _CRT_SECURE_NO_WARNINGS. See online help for details.
                 c:\program files (x86)\microsoft visual studio 10.0\vc\include\stdio.h(325) : see declaration of 'sscanf'
     1>c:\users\oren ish shalom\documents\job\mta\2013-2014\semester_02\compilation\compilation_for_lecturer\step_08_code_generation\semantic_analysis_tiger\flex\misc.c(735): warning C4996: 'sprintf': This function or variable may be unsafe. Consider using sprintf_s instead. To disable deprecation, use _CRT_SECURE_NO_WARNINGS. See online help for details.
                 c:\program files (x86)\microsoft visual studio 10.0\vc\include\stdio.h(371) : see declaration of 'sprintf'
         main.c
     1>c:\users\oren ish shalom\documents\job\mta\2013-2014\semester_02\compilation\compilation_for_lecturer\step_08_code_generation\semantic_analysis_tiger\flex\main.c(288): warning C4996: 'sprintf': This function or variable may be unsafe. Consider using sprintf_s instead. To disable deprecation, use _CRT_SECURE_NO_WARNINGS. See online help for details.
                 c:\program files (x86)\microsoft visual studio 10.0\vc\include\stdio.h(371) : see declaration of 'sprintf'
     1>c:\users\oren ish shalom\documents\job\mta\2013-2014\semester_02\compilation\compilation_for_lecturer\step_08_code_generation\semantic_analysis_tiger\flex\main.c(293): warning C4996: 'freopen': This function or variable may be unsafe. Consider using freopen_s instead. To disable deprecation, use _CRT_SECURE_NO_WARNINGS. See online help for details.
                 c:\program files (x86)\microsoft visual studio 10.0\vc\include\stdio.h(249) : see declaration of 'freopen'
     1>c:\users\oren ish shalom\documents\job\mta\2013-2014\semester_02\compilation\compilation_for_lecturer\step_08_code_generation\semantic_analysis_tiger\flex\main.c(301): warning C4996: 'fopen': This function or variable may be unsafe. Consider using fopen_s instead. To disable deprecation, use _CRT_SECURE_NO_WARNINGS. See online help for details.
                 c:\program files (x86)\microsoft visual studio 10.0\vc\include\stdio.h(234) : see declaration of 'fopen'
     1>c:\users\oren ish shalom\documents\job\mta\2013-2014\semester_02\compilation\compilation_for_lecturer\step_08_code_generation\semantic_analysis_tiger\flex\main.c(356): warning C4996: 'unlink': The POSIX name for this item is deprecated. Instead, use the ISO C++ conformant name: _unlink. See online help for details.
                 c:\program files (x86)\microsoft visual studio 10.0\vc\include\stdio.h(299) : see declaration of 'unlink'
     1>c:\users\oren ish shalom\documents\job\mta\2013-2014\semester_02\compilation\compilation_for_lecturer\step_08_code_generation\semantic_analysis_tiger\flex\main.c(379): warning C4996: 'unlink': The POSIX name for this item is deprecated. Instead, use the ISO C++ conformant name: _unlink. See online help for details.
                 c:\program files (x86)\microsoft visual studio 10.0\vc\include\stdio.h(299) : see declaration of 'unlink'
     1>c:\users\oren ish shalom\documents\job\mta\2013-2014\semester_02\compilation\compilation_for_lecturer\step_08_code_generation\semantic_analysis_tiger\flex\main.c(871): warning C4996: 'fopen': This function or variable may be unsafe. Consider using fopen_s instead. To disable deprecation, use _CRT_SECURE_NO_WARNINGS. See online help for details.
                 c:\program files (x86)\microsoft visual studio 10.0\vc\include\stdio.h(234) : see declaration of 'fopen'
     1>c:\users\oren ish shalom\documents\job\mta\2013-2014\semester_02\compilation\compilation_for_lecturer\step_08_code_generation\semantic_analysis_tiger\flex\main.c(1137): warning C4996: 'sprintf': This function or variable may be unsafe. Consider using sprintf_s instead. To disable deprecation, use _CRT_SECURE_NO_WARNINGS. See online help for details.
                 c:\program files (x86)\microsoft visual studio 10.0\vc\include\stdio.h(371) : see declaration of 'sprintf'
         initscan.c
     1>scan.l(139): warning C4996: 'strcpy': This function or variable may be unsafe. Consider using strcpy_s instead. To disable deprecation, use _CRT_SECURE_NO_WARNINGS. See online help for details.
                 c:\program files (x86)\microsoft visual studio 10.0\vc\include\string.h(105) : see declaration of 'strcpy'
     1>scan.l(144): warning C4996: 'strcpy': This function or variable may be unsafe. Consider using strcpy_s instead. To disable deprecation, use _CRT_SECURE_NO_WARNINGS. See online help for details.
                 c:\program files (x86)\microsoft visual studio 10.0\vc\include\string.h(105) : see declaration of 'strcpy'
     1>scan.l(187): warning C4996: 'strcpy': This function or variable may be unsafe. Consider using strcpy_s instead. To disable deprecation, use _CRT_SECURE_NO_WARNINGS. See online help for details.
                 c:\program files (x86)\microsoft visual studio 10.0\vc\include\string.h(105) : see declaration of 'strcpy'
     1>scan.l(280): warning C4996: 'strcpy': This function or variable may be unsafe. Consider using strcpy_s instead. To disable deprecation, use _CRT_SECURE_NO_WARNINGS. See online help for details.
                 c:\program files (x86)\microsoft visual studio 10.0\vc\include\string.h(105) : see declaration of 'strcpy'
     1>scan.l(404): warning C4996: 'strcpy': This function or variable may be unsafe. Consider using strcpy_s instead. To disable deprecation, use _CRT_SECURE_NO_WARNINGS. See online help for details.
                 c:\program files (x86)\microsoft visual studio 10.0\vc\include\string.h(105) : see declaration of 'strcpy'
     1>scan.l(439): warning C4996: 'strcpy': This function or variable may be unsafe. Consider using strcpy_s instead. To disable deprecation, use _CRT_SECURE_NO_WARNINGS. See online help for details.
                 c:\program files (x86)\microsoft visual studio 10.0\vc\include\string.h(105) : see declaration of 'strcpy'
     1>scan.l(478): warning C4996: 'strcpy': This function or variable may be unsafe. Consider using strcpy_s instead. To disable deprecation, use _CRT_SECURE_NO_WARNINGS. See online help for details.
                 c:\program files (x86)\microsoft visual studio 10.0\vc\include\string.h(105) : see declaration of 'strcpy'
     1>scan.c(3334): warning C4996: 'fileno': The POSIX name for this item is deprecated. Instead, use the ISO C++ conformant name: _fileno. See online help for details.
                 c:\program files (x86)\microsoft visual studio 10.0\vc\include\stdio.h(723) : see declaration of 'fileno'
     1>scan.l(674): warning C4996: 'fopen': This function or variable may be unsafe. Consider using fopen_s instead. To disable deprecation, use _CRT_SECURE_NO_WARNINGS. See online help for details.
                 c:\program files (x86)\microsoft visual studio 10.0\vc\include\stdio.h(234) : see declaration of 'fopen'
         gen.c
     1>c:\users\oren ish shalom\documents\job\mta\2013-2014\semester_02\compilation\compilation_for_lecturer\step_08_code_generation\semantic_analysis_tiger\flex\gen.c(608): warning C4996: 'sprintf': This function or variable may be unsafe. Consider using sprintf_s instead. To disable deprecation, use _CRT_SECURE_NO_WARNINGS. See online help for details.
                 c:\program files (x86)\microsoft visual studio 10.0\vc\include\stdio.h(371) : see declaration of 'sprintf'
     1>c:\users\oren ish shalom\documents\job\mta\2013-2014\semester_02\compilation\compilation_for_lecturer\step_08_code_generation\semantic_analysis_tiger\flex\gen.c(611): warning C4996: 'sprintf': This function or variable may be unsafe. Consider using sprintf_s instead. To disable deprecation, use _CRT_SECURE_NO_WARNINGS. See online help for details.
                 c:\program files (x86)\microsoft visual studio 10.0\vc\include\stdio.h(371) : see declaration of 'sprintf'
     1>c:\users\oren ish shalom\documents\job\mta\2013-2014\semester_02\compilation\compilation_for_lecturer\step_08_code_generation\semantic_analysis_tiger\flex\gen.c(616): warning C4996: 'strcpy': This function or variable may be unsafe. Consider using strcpy_s instead. To disable deprecation, use _CRT_SECURE_NO_WARNINGS. See online help for details.
                 c:\program files (x86)\microsoft visual studio 10.0\vc\include\string.h(105) : see declaration of 'strcpy'
     1>c:\users\oren ish shalom\documents\job\mta\2013-2014\semester_02\compilation\compilation_for_lecturer\step_08_code_generation\semantic_analysis_tiger\flex\gen.c(713): warning C4996: 'sprintf': This function or variable may be unsafe. Consider using sprintf_s instead. To disable deprecation, use _CRT_SECURE_NO_WARNINGS. See online help for details.
                 c:\program files (x86)\microsoft visual studio 10.0\vc\include\stdio.h(371) : see declaration of 'sprintf'
         ecs.c
         dfa.c
         ccl.c
         Generating Code...
       ManifestResourceCompile:
         C:\Program Files (x86)\Microsoft SDKs\Windows\v7.0A\bin\rc.exe /nologo /fo"Debug\Flex.exe.embed.manifest.res" Debug\Flex_manifest.rc 
       Link:
         c:\Program Files (x86)\Microsoft Visual Studio 10.0\VC\bin\link.exe /ERRORREPORT:PROMPT /OUT:"C:\Users\Oren Ish Shalom\Documents\Job\MTA\2013-2014\semester_02\Compilation\Compilation_For_Lecturer\Step_08_Code_Generation\Semantic_Analysis_Tiger\Flex\Debug\Flex.exe" /INCREMENTAL /NOLOGO kernel32.lib user32.lib gdi32.lib winspool.lib comdlg32.lib advapi32.lib shell32.lib ole32.lib oleaut32.lib uuid.lib odbc32.lib odbccp32.lib /MANIFEST /ManifestFile:"Debug\Flex.exe.intermediate.manifest" /MANIFESTUAC:"level='asInvoker' uiAccess='false'" /DEBUG /PDB:"C:\Users\Oren Ish Shalom\Documents\Job\MTA\2013-2014\semester_02\Compilation\Compilation_For_Lecturer\Step_08_Code_Generation\Semantic_Analysis_Tiger\Flex\Debug\Flex.pdb" /SUBSYSTEM:CONSOLE /TLBID:1 /DYNAMICBASE /NXCOMPAT /IMPLIB:"C:\Users\Oren Ish Shalom\Documents\Job\MTA\2013-2014\semester_02\Compilation\Compilation_For_Lecturer\Step_08_Code_Generation\Semantic_Analysis_Tiger\Flex\Debug\Flex.lib" /MACHINE:X86 Debug\Flex.exe.embed.manifest.res
         Debug\ccl.obj
         Debug\dfa.obj
         Debug\ecs.obj
         Debug\gen.obj
         Debug\initscan.obj
         Debug\main.obj
         Debug\misc.obj
         Debug\nfa.obj
         Debug\parse.obj
         Debug\skel.obj
         Debug\sym.obj
         Debug\tblcmp.obj
         Debug\yylex.obj
       Manifest:
         C:\Program Files (x86)\Microsoft SDKs\Windows\v7.0A\bin\mt.exe /nologo /verbose /out:"Debug\Flex.exe.embed.manifest" /manifest Debug\Flex.exe.intermediate.manifest
         All outputs are up-to-date.
       LinkEmbedManifest:
         All outputs are up-to-date.
         Flex.vcxproj -> C:\Users\Oren Ish Shalom\Documents\Job\MTA\2013-2014\semester_02\Compilation\Compilation_For_Lecturer\Step_08_Code_Generation\Semantic_Analysis_Tiger\Flex\Debug\Flex.exe
       FinalizeBuildStatus:
         Deleting file "Debug\Flex.unsuccessfulbuild".
         Touching "Debug\Flex.lastbuildstate".
     1>Done Building Project "C:\Users\Oren Ish Shalom\Documents\Job\MTA\2013-2014\semester_02\Compilation\Compilation_For_Lecturer\Step_08_Code_Generation\Semantic_Analysis_Tiger\Flex\Flex.vcxproj" (build target(s)).

Build succeeded.

Time Elapsed 00:00:03.17
